#! /usr/bin/vvp
:ivl_version "11.0 (stable)";
:ivl_delay_selection "TYPICAL";
:vpi_time_precision - 12;
:vpi_module "/usr/lib/x86_64-linux-gnu/ivl/system.vpi";
:vpi_module "/usr/lib/x86_64-linux-gnu/ivl/vhdl_sys.vpi";
:vpi_module "/usr/lib/x86_64-linux-gnu/ivl/vhdl_textio.vpi";
:vpi_module "/usr/lib/x86_64-linux-gnu/ivl/v2005_math.vpi";
:vpi_module "/usr/lib/x86_64-linux-gnu/ivl/va_math.vpi";
S_0x563af87c6de0 .scope module, "multiplexer_with_case" "multiplexer_with_case" 2 4;
 .timescale -9 -12;
    .port_info 0 /INPUT 1 "input_1";
    .port_info 1 /INPUT 1 "input_2";
    .port_info 2 /INPUT 1 "select";
    .port_info 3 /OUTPUT 1 "out";
o0x7f2d95c85018 .functor BUFZ 1, C4<z>; HiZ drive
v0x563af87ec7c0_0 .net "input_1", 0 0, o0x7f2d95c85018;  0 drivers
o0x7f2d95c85048 .functor BUFZ 1, C4<z>; HiZ drive
v0x563af880e630_0 .net "input_2", 0 0, o0x7f2d95c85048;  0 drivers
v0x563af880e6f0_0 .var "out", 0 0;
o0x7f2d95c850a8 .functor BUFZ 1, C4<z>; HiZ drive
v0x563af880e7c0_0 .net "select", 0 0, o0x7f2d95c850a8;  0 drivers
E_0x563af87ffb00 .event edge, v0x563af880e7c0_0, v0x563af880e630_0, v0x563af87ec7c0_0;
S_0x563af87c7000 .scope begin, "MUX" "MUX" 2 16, 2 16 0, S_0x563af87c6de0;
 .timescale -9 -12;
    .scope S_0x563af87c6de0;
T_0 ;
    %wait E_0x563af87ffb00;
    %fork t_1, S_0x563af87c7000;
    %jmp t_0;
    .scope S_0x563af87c7000;
t_1 ;
    %load/vec4 v0x563af880e7c0_0;
    %dup/vec4;
    %pushi/vec4 0, 0, 1;
    %cmp/u;
    %jmp/1 T_0.0, 6;
    %dup/vec4;
    %pushi/vec4 1, 0, 1;
    %cmp/u;
    %jmp/1 T_0.1, 6;
    %jmp T_0.2;
T_0.0 ;
    %load/vec4 v0x563af87ec7c0_0;
    %store/vec4 v0x563af880e6f0_0, 0, 1;
    %jmp T_0.2;
T_0.1 ;
    %load/vec4 v0x563af880e630_0;
    %store/vec4 v0x563af880e6f0_0, 0, 1;
    %jmp T_0.2;
T_0.2 ;
    %pop/vec4 1;
    %end;
    .scope S_0x563af87c6de0;
t_0 %join;
    %jmp T_0;
    .thread T_0, $push;
# The file index is used to find the file name in the following table.
:file_names 3;
    "N/A";
    "<interactive>";
    "multiplexer_with_case-statement.v";
