#! /usr/bin/vvp
:ivl_version "11.0 (stable)";
:ivl_delay_selection "TYPICAL";
:vpi_time_precision - 12;
:vpi_module "/usr/lib/x86_64-linux-gnu/ivl/system.vpi";
:vpi_module "/usr/lib/x86_64-linux-gnu/ivl/vhdl_sys.vpi";
:vpi_module "/usr/lib/x86_64-linux-gnu/ivl/vhdl_textio.vpi";
:vpi_module "/usr/lib/x86_64-linux-gnu/ivl/v2005_math.vpi";
:vpi_module "/usr/lib/x86_64-linux-gnu/ivl/va_math.vpi";
S_0x55eee8aa2d90 .scope module, "sp_ram_sync_rw" "sp_ram_sync_rw" 2 3;
 .timescale -9 -12;
    .port_info 0 /INPUT 1 "clk";
    .port_info 1 /INPUT 8 "address";
    .port_info 2 /INPUT 1 "we";
    .port_info 3 /INPUT 1 "oe";
    .port_info 4 /INOUT 8 "data";
    .port_info 5 /INPUT 1 "cs";
P_0x55eee8aa4620 .param/l "ADDR_WIDTH" 0 2 13, +C4<00000000000000000000000000001000>;
P_0x55eee8aa4660 .param/l "DATA_WIDTH" 0 2 12, +C4<00000000000000000000000000001000>;
P_0x55eee8aa46a0 .param/l "MEM_DEPTH" 0 2 14, +C4<0000000000000000000000000000000100000000>;
o0x7fbeeb651138 .functor BUFZ 1, C4<z>; HiZ drive
o0x7fbeeb6511c8 .functor BUFZ 1, C4<z>; HiZ drive
L_0x55eee8acaaa0 .functor AND 1, o0x7fbeeb651138, o0x7fbeeb6511c8, C4<1>, C4<1>;
L_0x55eee8af0c40 .functor AND 1, L_0x55eee8acaaa0, L_0x55eee8af0b40, C4<1>, C4<1>;
v0x55eee8aca090_0 .net *"_ivl_1", 0 0, L_0x55eee8acaaa0;  1 drivers
v0x55eee8af0110_0 .net *"_ivl_3", 0 0, L_0x55eee8af0b40;  1 drivers
v0x55eee8af01d0_0 .net *"_ivl_5", 0 0, L_0x55eee8af0c40;  1 drivers
o0x7fbeeb6510a8 .functor BUFZ 8, C4<zzzzzzzz>; HiZ drive
; Elide local net with no drivers, v0x55eee8af0270_0 name=_ivl_6
o0x7fbeeb6510d8 .functor BUFZ 8, C4<zzzzzzzz>; HiZ drive
v0x55eee8af0350_0 .net "address", 7 0, o0x7fbeeb6510d8;  0 drivers
o0x7fbeeb651108 .functor BUFZ 1, C4<z>; HiZ drive
v0x55eee8af0480_0 .net "clk", 0 0, o0x7fbeeb651108;  0 drivers
v0x55eee8af0540_0 .net "cs", 0 0, o0x7fbeeb651138;  0 drivers
v0x55eee8af0600_0 .net "data", 7 0, L_0x55eee8af0d30;  1 drivers
v0x55eee8af06e0_0 .var "data_out", 7 0;
v0x55eee8af07c0 .array "mem", 255 0, 7 0;
v0x55eee8af0880_0 .net "oe", 0 0, o0x7fbeeb6511c8;  0 drivers
o0x7fbeeb6511f8 .functor BUFZ 1, C4<z>; HiZ drive
v0x55eee8af0940_0 .net "we", 0 0, o0x7fbeeb6511f8;  0 drivers
E_0x55eee8ac69b0 .event posedge, v0x55eee8af0480_0;
L_0x55eee8af0b40 .reduce/nor o0x7fbeeb6511f8;
L_0x55eee8af0d30 .functor MUXZ 8, o0x7fbeeb6510a8, v0x55eee8af06e0_0, L_0x55eee8af0c40, C4<>;
S_0x55eee8aa3010 .scope begin, "MEM_READ" "MEM_READ" 2 42, 2 42 0, S_0x55eee8aa2d90;
 .timescale -9 -12;
S_0x55eee8acba90 .scope begin, "MEM_WRITE" "MEM_WRITE" 2 33, 2 33 0, S_0x55eee8aa2d90;
 .timescale -9 -12;
    .scope S_0x55eee8aa2d90;
T_0 ;
    %wait E_0x55eee8ac69b0;
    %fork t_1, S_0x55eee8acba90;
    %jmp t_0;
    .scope S_0x55eee8acba90;
t_1 ;
    %load/vec4 v0x55eee8af0540_0;
    %load/vec4 v0x55eee8af0940_0;
    %and;
    %flag_set/vec4 8;
    %jmp/0xz  T_0.0, 8;
    %load/vec4 v0x55eee8af0600_0;
    %load/vec4 v0x55eee8af0350_0;
    %pad/u 10;
    %ix/vec4 4;
    %store/vec4a v0x55eee8af07c0, 4, 0;
T_0.0 ;
    %end;
    .scope S_0x55eee8aa2d90;
t_0 %join;
    %jmp T_0;
    .thread T_0;
    .scope S_0x55eee8aa2d90;
T_1 ;
    %wait E_0x55eee8ac69b0;
    %fork t_3, S_0x55eee8aa3010;
    %jmp t_2;
    .scope S_0x55eee8aa3010;
t_3 ;
    %load/vec4 v0x55eee8af0540_0;
    %load/vec4 v0x55eee8af0880_0;
    %and;
    %load/vec4 v0x55eee8af0940_0;
    %nor/r;
    %and;
    %flag_set/vec4 8;
    %jmp/0xz  T_1.0, 8;
    %load/vec4 v0x55eee8af0350_0;
    %pad/u 10;
    %ix/vec4 4;
    %load/vec4a v0x55eee8af07c0, 4;
    %store/vec4 v0x55eee8af06e0_0, 0, 8;
T_1.0 ;
    %end;
    .scope S_0x55eee8aa2d90;
t_2 %join;
    %jmp T_1;
    .thread T_1;
# The file index is used to find the file name in the following table.
:file_names 3;
    "N/A";
    "<interactive>";
    "Single_Port_synchronous_RAM.v";
