#! /usr/bin/vvp
:ivl_version "11.0 (stable)";
:ivl_delay_selection "TYPICAL";
:vpi_time_precision - 12;
:vpi_module "/usr/lib/x86_64-linux-gnu/ivl/system.vpi";
:vpi_module "/usr/lib/x86_64-linux-gnu/ivl/vhdl_sys.vpi";
:vpi_module "/usr/lib/x86_64-linux-gnu/ivl/vhdl_textio.vpi";
:vpi_module "/usr/lib/x86_64-linux-gnu/ivl/v2005_math.vpi";
:vpi_module "/usr/lib/x86_64-linux-gnu/ivl/va_math.vpi";
S_0x5577805bc980 .scope module, "bit8_8fulAdders" "bit8_8fulAdders" 2 17;
 .timescale -9 -12;
    .port_info 0 /INPUT 8 "a";
    .port_info 1 /INPUT 8 "b";
    .port_info 2 /INPUT 1 "c_in";
    .port_info 3 /OUTPUT 8 "sum";
    .port_info 4 /OUTPUT 1 "c_cout";
o0x7f71e184b488 .functor BUFZ 8, C4<zzzzzzzz>; HiZ drive
v0x5577805de580_0 .net "a", 7 0, o0x7f71e184b488;  0 drivers
o0x7f71e184b4b8 .functor BUFZ 8, C4<zzzzzzzz>; HiZ drive
v0x5577805de680_0 .net "b", 7 0, o0x7f71e184b4b8;  0 drivers
o0x7f71e184b4e8 .functor BUFZ 1, C4<z>; HiZ drive
v0x5577805de760_0 .net "c_cout", 0 0, o0x7f71e184b4e8;  0 drivers
o0x7f71e184a078 .functor BUFZ 1, C4<z>; HiZ drive
v0x5577805de800_0 .net "c_in", 0 0, o0x7f71e184a078;  0 drivers
RS_0x7f71e184b518 .resolv tri, L_0x5577805df250, L_0x5577805dfb80, L_0x5577805e0310, L_0x5577805e0dc0, L_0x5577805e1500, L_0x5577805e1ce0, L_0x5577805e25a0, L_0x5577805e30c0, L_0x5577805e3b10;
v0x5577805de8a0_0 .net8 "carry", 6 0, RS_0x7f71e184b518;  9 drivers
RS_0x7f71e184b548 .resolv tri, L_0x5577805df160, L_0x5577805dfa40, L_0x5577805e0270, L_0x5577805e0c90, L_0x5577805e1410, L_0x5577805e1bf0, L_0x5577805e24b0, L_0x5577805e2ec0, L_0x5577805e3a20;
v0x5577805de9d0_0 .net8 "sum", 7 0, RS_0x7f71e184b548;  9 drivers
L_0x5577805df020 .part o0x7f71e184b488, 0, 1;
L_0x5577805df0c0 .part o0x7f71e184b4b8, 0, 1;
L_0x5577805df160 .part/pv L_0x5577805dec40, 0, 1, 8;
L_0x5577805df250 .part/pv L_0x5577805def10, 0, 1, 7;
L_0x5577805df820 .part o0x7f71e184b488, 0, 1;
L_0x5577805df910 .part o0x7f71e184b4b8, 0, 1;
L_0x5577805dfa40 .part/pv L_0x5577805df440, 0, 1, 8;
L_0x5577805dfb80 .part/pv L_0x5577805df710, 0, 1, 7;
L_0x5577805e00d0 .part o0x7f71e184b488, 0, 1;
L_0x5577805e0170 .part o0x7f71e184b4b8, 0, 1;
L_0x5577805e0270 .part/pv L_0x5577805dfd80, 0, 1, 8;
L_0x5577805e0310 .part/pv L_0x5577805dffc0, 0, 1, 7;
L_0x5577805e0a40 .part o0x7f71e184b488, 0, 1;
L_0x5577805e0ae0 .part o0x7f71e184b4b8, 0, 1;
L_0x5577805e0c90 .part/pv L_0x5577805e04e0, 0, 1, 8;
L_0x5577805e0dc0 .part/pv L_0x5577805e0930, 0, 1, 7;
L_0x5577805e1230 .part o0x7f71e184b488, 0, 1;
L_0x5577805e12d0 .part o0x7f71e184b4b8, 0, 1;
L_0x5577805e1410 .part/pv L_0x5577805e0f80, 0, 1, 8;
L_0x5577805e1500 .part/pv L_0x5577805e1120, 0, 1, 7;
L_0x5577805e1370 .part o0x7f71e184b488, 0, 1;
L_0x5577805e1a90 .part o0x7f71e184b4b8, 0, 1;
L_0x5577805e1bf0 .part/pv L_0x5577805e1710, 0, 1, 8;
L_0x5577805e1ce0 .part/pv L_0x5577805e1980, 0, 1, 7;
L_0x5577805e2290 .part o0x7f71e184b488, 0, 1;
L_0x5577805e2330 .part o0x7f71e184b4b8, 0, 1;
L_0x5577805e24b0 .part/pv L_0x5577805e1f10, 0, 1, 8;
L_0x5577805e25a0 .part/pv L_0x5577805e2180, 0, 1, 7;
L_0x5577805e2b70 .part o0x7f71e184b488, 0, 1;
L_0x5577805e2c10 .part o0x7f71e184b4b8, 0, 1;
L_0x5577805e2ec0 .part/pv L_0x5577805e27f0, 0, 1, 8;
L_0x5577805e30c0 .part/pv L_0x5577805e2a60, 0, 1, 7;
L_0x5577805e37c0 .part o0x7f71e184b488, 0, 1;
L_0x5577805e3860 .part o0x7f71e184b4b8, 0, 1;
L_0x5577805e3a20 .part/pv L_0x5577805e3440, 0, 1, 8;
L_0x5577805e3b10 .part/pv L_0x5577805e36b0, 0, 1, 7;
S_0x5577805a90c0 .scope module, "FA_0" "full_addr" 2 27, 2 3 0, S_0x5577805bc980;
 .timescale -9 -12;
    .port_info 0 /INPUT 1 "a";
    .port_info 1 /INPUT 1 "b";
    .port_info 2 /INPUT 1 "c_in";
    .port_info 3 /OUTPUT 1 "sum";
    .port_info 4 /OUTPUT 1 "c_out";
L_0x5577805deb50 .functor XOR 1, L_0x5577805df020, L_0x5577805df0c0, C4<0>, C4<0>;
L_0x5577805dec40 .functor XOR 1, L_0x5577805deb50, o0x7f71e184a078, C4<0>, C4<0>;
L_0x5577805ded30 .functor AND 1, L_0x5577805deb50, o0x7f71e184a078, C4<1>, C4<1>;
L_0x5577805deda0 .functor AND 1, L_0x5577805df020, L_0x5577805df0c0, C4<1>, C4<1>;
L_0x5577805def10 .functor OR 1, L_0x5577805ded30, L_0x5577805deda0, C4<0>, C4<0>;
v0x5577805aa7f0_0 .net "a", 0 0, L_0x5577805df020;  1 drivers
v0x5577805d9700_0 .net "b", 0 0, L_0x5577805df0c0;  1 drivers
v0x5577805d97c0_0 .net "c_in", 0 0, o0x7f71e184a078;  alias, 0 drivers
v0x5577805d9860_0 .net "c_out", 0 0, L_0x5577805def10;  1 drivers
v0x5577805d9920_0 .net "n1", 0 0, L_0x5577805deb50;  1 drivers
v0x5577805d9a30_0 .net "n2", 0 0, L_0x5577805ded30;  1 drivers
v0x5577805d9af0_0 .net "n3", 0 0, L_0x5577805deda0;  1 drivers
v0x5577805d9bb0_0 .net "sum", 0 0, L_0x5577805dec40;  1 drivers
S_0x5577805d9d10 .scope module, "FA_1" "full_addr" 2 34, 2 3 0, S_0x5577805bc980;
 .timescale -9 -12;
    .port_info 0 /INPUT 1 "a";
    .port_info 1 /INPUT 1 "b";
    .port_info 2 /INPUT 1 "c_in";
    .port_info 3 /OUTPUT 1 "sum";
    .port_info 4 /OUTPUT 1 "c_out";
L_0x5577805df370 .functor XOR 1, L_0x5577805df820, L_0x5577805df910, C4<0>, C4<0>;
L_0x5577805df440 .functor XOR 1, L_0x5577805df370, o0x7f71e184a078, C4<0>, C4<0>;
L_0x5577805df530 .functor AND 1, L_0x5577805df370, o0x7f71e184a078, C4<1>, C4<1>;
L_0x5577805df5a0 .functor AND 1, L_0x5577805df820, L_0x5577805df910, C4<1>, C4<1>;
L_0x5577805df710 .functor OR 1, L_0x5577805df530, L_0x5577805df5a0, C4<0>, C4<0>;
v0x5577805d9f10_0 .net "a", 0 0, L_0x5577805df820;  1 drivers
v0x5577805d9fd0_0 .net "b", 0 0, L_0x5577805df910;  1 drivers
v0x5577805da090_0 .net "c_in", 0 0, o0x7f71e184a078;  alias, 0 drivers
v0x5577805da130_0 .net "c_out", 0 0, L_0x5577805df710;  1 drivers
v0x5577805da1d0_0 .net "n1", 0 0, L_0x5577805df370;  1 drivers
v0x5577805da2c0_0 .net "n2", 0 0, L_0x5577805df530;  1 drivers
v0x5577805da380_0 .net "n3", 0 0, L_0x5577805df5a0;  1 drivers
v0x5577805da440_0 .net "sum", 0 0, L_0x5577805df440;  1 drivers
S_0x5577805da5a0 .scope module, "FA_2" "full_addr" 2 40, 2 3 0, S_0x5577805bc980;
 .timescale -9 -12;
    .port_info 0 /INPUT 1 "a";
    .port_info 1 /INPUT 1 "b";
    .port_info 2 /INPUT 1 "c_in";
    .port_info 3 /OUTPUT 1 "sum";
    .port_info 4 /OUTPUT 1 "c_out";
L_0x5577805dfd10 .functor XOR 1, L_0x5577805e00d0, L_0x5577805e0170, C4<0>, C4<0>;
L_0x5577805dfd80 .functor XOR 1, L_0x5577805dfd10, o0x7f71e184a078, C4<0>, C4<0>;
L_0x5577805dfe40 .functor AND 1, L_0x5577805dfd10, o0x7f71e184a078, C4<1>, C4<1>;
L_0x5577805dfeb0 .functor AND 1, L_0x5577805e00d0, L_0x5577805e0170, C4<1>, C4<1>;
L_0x5577805dffc0 .functor OR 1, L_0x5577805dfe40, L_0x5577805dfeb0, C4<0>, C4<0>;
v0x5577805da7b0_0 .net "a", 0 0, L_0x5577805e00d0;  1 drivers
v0x5577805da870_0 .net "b", 0 0, L_0x5577805e0170;  1 drivers
v0x5577805da930_0 .net "c_in", 0 0, o0x7f71e184a078;  alias, 0 drivers
v0x5577805daa50_0 .net "c_out", 0 0, L_0x5577805dffc0;  1 drivers
v0x5577805daaf0_0 .net "n1", 0 0, L_0x5577805dfd10;  1 drivers
v0x5577805dac00_0 .net "n2", 0 0, L_0x5577805dfe40;  1 drivers
v0x5577805dacc0_0 .net "n3", 0 0, L_0x5577805dfeb0;  1 drivers
v0x5577805dad80_0 .net "sum", 0 0, L_0x5577805dfd80;  1 drivers
S_0x5577805daee0 .scope module, "FA_3" "full_addr" 2 46, 2 3 0, S_0x5577805bc980;
 .timescale -9 -12;
    .port_info 0 /INPUT 1 "a";
    .port_info 1 /INPUT 1 "b";
    .port_info 2 /INPUT 1 "c_in";
    .port_info 3 /OUTPUT 1 "sum";
    .port_info 4 /OUTPUT 1 "c_out";
L_0x5577805e0470 .functor XOR 1, L_0x5577805e0a40, L_0x5577805e0ae0, C4<0>, C4<0>;
L_0x5577805e04e0 .functor XOR 1, L_0x5577805e0470, o0x7f71e184a078, C4<0>, C4<0>;
L_0x5577805e07b0 .functor AND 1, L_0x5577805e0470, o0x7f71e184a078, C4<1>, C4<1>;
L_0x5577805e0820 .functor AND 1, L_0x5577805e0a40, L_0x5577805e0ae0, C4<1>, C4<1>;
L_0x5577805e0930 .functor OR 1, L_0x5577805e07b0, L_0x5577805e0820, C4<0>, C4<0>;
v0x5577805db0c0_0 .net "a", 0 0, L_0x5577805e0a40;  1 drivers
v0x5577805db1a0_0 .net "b", 0 0, L_0x5577805e0ae0;  1 drivers
v0x5577805db260_0 .net "c_in", 0 0, o0x7f71e184a078;  alias, 0 drivers
v0x5577805db300_0 .net "c_out", 0 0, L_0x5577805e0930;  1 drivers
v0x5577805db3a0_0 .net "n1", 0 0, L_0x5577805e0470;  1 drivers
v0x5577805db4b0_0 .net "n2", 0 0, L_0x5577805e07b0;  1 drivers
v0x5577805db570_0 .net "n3", 0 0, L_0x5577805e0820;  1 drivers
v0x5577805db630_0 .net "sum", 0 0, L_0x5577805e04e0;  1 drivers
S_0x5577805db790 .scope module, "FA_4" "full_addr" 2 52, 2 3 0, S_0x5577805bc980;
 .timescale -9 -12;
    .port_info 0 /INPUT 1 "a";
    .port_info 1 /INPUT 1 "b";
    .port_info 2 /INPUT 1 "c_in";
    .port_info 3 /OUTPUT 1 "sum";
    .port_info 4 /OUTPUT 1 "c_out";
L_0x5577805e0400 .functor XOR 1, L_0x5577805e1230, L_0x5577805e12d0, C4<0>, C4<0>;
L_0x5577805e0f80 .functor XOR 1, L_0x5577805e0400, o0x7f71e184a078, C4<0>, C4<0>;
L_0x5577805e0ff0 .functor AND 1, L_0x5577805e0400, o0x7f71e184a078, C4<1>, C4<1>;
L_0x5577805e1060 .functor AND 1, L_0x5577805e1230, L_0x5577805e12d0, C4<1>, C4<1>;
L_0x5577805e1120 .functor OR 1, L_0x5577805e0ff0, L_0x5577805e1060, C4<0>, C4<0>;
v0x5577805db9c0_0 .net "a", 0 0, L_0x5577805e1230;  1 drivers
v0x5577805dbaa0_0 .net "b", 0 0, L_0x5577805e12d0;  1 drivers
v0x5577805dbb60_0 .net "c_in", 0 0, o0x7f71e184a078;  alias, 0 drivers
v0x5577805dbc00_0 .net "c_out", 0 0, L_0x5577805e1120;  1 drivers
v0x5577805dbca0_0 .net "n1", 0 0, L_0x5577805e0400;  1 drivers
v0x5577805dbd60_0 .net "n2", 0 0, L_0x5577805e0ff0;  1 drivers
v0x5577805dbe20_0 .net "n3", 0 0, L_0x5577805e1060;  1 drivers
v0x5577805dbee0_0 .net "sum", 0 0, L_0x5577805e0f80;  1 drivers
S_0x5577805dc040 .scope module, "FA_5" "full_addr" 2 58, 2 3 0, S_0x5577805bc980;
 .timescale -9 -12;
    .port_info 0 /INPUT 1 "a";
    .port_info 1 /INPUT 1 "b";
    .port_info 2 /INPUT 1 "c_in";
    .port_info 3 /OUTPUT 1 "sum";
    .port_info 4 /OUTPUT 1 "c_out";
L_0x5577805e16a0 .functor XOR 1, L_0x5577805e1370, L_0x5577805e1a90, C4<0>, C4<0>;
L_0x5577805e1710 .functor XOR 1, L_0x5577805e16a0, o0x7f71e184a078, C4<0>, C4<0>;
L_0x5577805e17d0 .functor AND 1, L_0x5577805e16a0, o0x7f71e184a078, C4<1>, C4<1>;
L_0x5577805e1840 .functor AND 1, L_0x5577805e1370, L_0x5577805e1a90, C4<1>, C4<1>;
L_0x5577805e1980 .functor OR 1, L_0x5577805e17d0, L_0x5577805e1840, C4<0>, C4<0>;
v0x5577805dc220_0 .net "a", 0 0, L_0x5577805e1370;  1 drivers
v0x5577805dc300_0 .net "b", 0 0, L_0x5577805e1a90;  1 drivers
v0x5577805dc3c0_0 .net "c_in", 0 0, o0x7f71e184a078;  alias, 0 drivers
v0x5577805dc490_0 .net "c_out", 0 0, L_0x5577805e1980;  1 drivers
v0x5577805dc530_0 .net "n1", 0 0, L_0x5577805e16a0;  1 drivers
v0x5577805dc640_0 .net "n2", 0 0, L_0x5577805e17d0;  1 drivers
v0x5577805dc700_0 .net "n3", 0 0, L_0x5577805e1840;  1 drivers
v0x5577805dc7c0_0 .net "sum", 0 0, L_0x5577805e1710;  1 drivers
S_0x5577805dc920 .scope module, "FA_6" "full_addr" 2 64, 2 3 0, S_0x5577805bc980;
 .timescale -9 -12;
    .port_info 0 /INPUT 1 "a";
    .port_info 1 /INPUT 1 "b";
    .port_info 2 /INPUT 1 "c_in";
    .port_info 3 /OUTPUT 1 "sum";
    .port_info 4 /OUTPUT 1 "c_out";
L_0x5577805e1ea0 .functor XOR 1, L_0x5577805e2290, L_0x5577805e2330, C4<0>, C4<0>;
L_0x5577805e1f10 .functor XOR 1, L_0x5577805e1ea0, o0x7f71e184a078, C4<0>, C4<0>;
L_0x5577805e1fd0 .functor AND 1, L_0x5577805e1ea0, o0x7f71e184a078, C4<1>, C4<1>;
L_0x5577805e2040 .functor AND 1, L_0x5577805e2290, L_0x5577805e2330, C4<1>, C4<1>;
L_0x5577805e2180 .functor OR 1, L_0x5577805e1fd0, L_0x5577805e2040, C4<0>, C4<0>;
v0x5577805dcb00_0 .net "a", 0 0, L_0x5577805e2290;  1 drivers
v0x5577805dcbe0_0 .net "b", 0 0, L_0x5577805e2330;  1 drivers
v0x5577805dcca0_0 .net "c_in", 0 0, o0x7f71e184a078;  alias, 0 drivers
v0x5577805dcd70_0 .net "c_out", 0 0, L_0x5577805e2180;  1 drivers
v0x5577805dce10_0 .net "n1", 0 0, L_0x5577805e1ea0;  1 drivers
v0x5577805dcf20_0 .net "n2", 0 0, L_0x5577805e1fd0;  1 drivers
v0x5577805dcfe0_0 .net "n3", 0 0, L_0x5577805e2040;  1 drivers
v0x5577805dd0a0_0 .net "sum", 0 0, L_0x5577805e1f10;  1 drivers
S_0x5577805dd200 .scope module, "FA_7" "full_addr" 2 70, 2 3 0, S_0x5577805bc980;
 .timescale -9 -12;
    .port_info 0 /INPUT 1 "a";
    .port_info 1 /INPUT 1 "b";
    .port_info 2 /INPUT 1 "c_in";
    .port_info 3 /OUTPUT 1 "sum";
    .port_info 4 /OUTPUT 1 "c_out";
L_0x5577805e2780 .functor XOR 1, L_0x5577805e2b70, L_0x5577805e2c10, C4<0>, C4<0>;
L_0x5577805e27f0 .functor XOR 1, L_0x5577805e2780, o0x7f71e184a078, C4<0>, C4<0>;
L_0x5577805e28b0 .functor AND 1, L_0x5577805e2780, o0x7f71e184a078, C4<1>, C4<1>;
L_0x5577805e2920 .functor AND 1, L_0x5577805e2b70, L_0x5577805e2c10, C4<1>, C4<1>;
L_0x5577805e2a60 .functor OR 1, L_0x5577805e28b0, L_0x5577805e2920, C4<0>, C4<0>;
v0x5577805dd460_0 .net "a", 0 0, L_0x5577805e2b70;  1 drivers
v0x5577805dd540_0 .net "b", 0 0, L_0x5577805e2c10;  1 drivers
v0x5577805dd600_0 .net "c_in", 0 0, o0x7f71e184a078;  alias, 0 drivers
v0x5577805dd6d0_0 .net "c_out", 0 0, L_0x5577805e2a60;  1 drivers
v0x5577805dd770_0 .net "n1", 0 0, L_0x5577805e2780;  1 drivers
v0x5577805dd880_0 .net "n2", 0 0, L_0x5577805e28b0;  1 drivers
v0x5577805dd940_0 .net "n3", 0 0, L_0x5577805e2920;  1 drivers
v0x5577805dda00_0 .net "sum", 0 0, L_0x5577805e27f0;  1 drivers
S_0x5577805ddb60 .scope module, "FA_8" "full_addr" 2 76, 2 3 0, S_0x5577805bc980;
 .timescale -9 -12;
    .port_info 0 /INPUT 1 "a";
    .port_info 1 /INPUT 1 "b";
    .port_info 2 /INPUT 1 "c_in";
    .port_info 3 /OUTPUT 1 "sum";
    .port_info 4 /OUTPUT 1 "c_out";
L_0x5577805e33d0 .functor XOR 1, L_0x5577805e37c0, L_0x5577805e3860, C4<0>, C4<0>;
L_0x5577805e3440 .functor XOR 1, L_0x5577805e33d0, o0x7f71e184a078, C4<0>, C4<0>;
L_0x5577805e3500 .functor AND 1, L_0x5577805e33d0, o0x7f71e184a078, C4<1>, C4<1>;
L_0x5577805e3570 .functor AND 1, L_0x5577805e37c0, L_0x5577805e3860, C4<1>, C4<1>;
L_0x5577805e36b0 .functor OR 1, L_0x5577805e3500, L_0x5577805e3570, C4<0>, C4<0>;
v0x5577805dddc0_0 .net "a", 0 0, L_0x5577805e37c0;  1 drivers
v0x5577805ddea0_0 .net "b", 0 0, L_0x5577805e3860;  1 drivers
v0x5577805ddf60_0 .net "c_in", 0 0, o0x7f71e184a078;  alias, 0 drivers
v0x5577805de140_0 .net "c_out", 0 0, L_0x5577805e36b0;  1 drivers
v0x5577805de1e0_0 .net "n1", 0 0, L_0x5577805e33d0;  1 drivers
v0x5577805de2a0_0 .net "n2", 0 0, L_0x5577805e3500;  1 drivers
v0x5577805de360_0 .net "n3", 0 0, L_0x5577805e3570;  1 drivers
v0x5577805de420_0 .net "sum", 0 0, L_0x5577805e3440;  1 drivers
# The file index is used to find the file name in the following table.
:file_names 3;
    "N/A";
    "<interactive>";
    "8-bit_adder.v";
